<?xml version="1.0" encoding="UTF-8"?>
<!-- Generated by org.testng.reporters.JUnitReportReporter -->
<testsuite hostname="Srinidhi" failures="0" tests="2" name="qaclickacademy.Mavenjava.RESTAPITest" time="0.007" errors="0" timestamp="18 May 2021 07:03:09 GMT" skipped="0">
  <testcase classname="qaclickacademy.Mavenjava.RESTAPITest" name="deleteTwitter" time="0.005"/>
  <testcase classname="qaclickacademy.Mavenjava.RESTAPITest" name="postJira" time="0.002"/>
</testsuite> <!-- qaclickacademy.Mavenjava.RESTAPITest -->
