<?xml version="1.0" encoding="UTF-8"?>
<!-- Generated by org.testng.reporters.JUnitReportReporter -->
<testsuite hostname="Srinidhi" failures="0" tests="2" name="qaclickacademy.Mavenjava.AppiumTest" time="0.008" errors="0" timestamp="18 May 2021 07:03:09 GMT" skipped="0">
  <testcase classname="qaclickacademy.Mavenjava.AppiumTest" name="IOSApps" time="0.003"/>
  <testcase classname="qaclickacademy.Mavenjava.AppiumTest" name="NativeAppAndroid" time="0.005"/>
</testsuite> <!-- qaclickacademy.Mavenjava.AppiumTest -->
