<?xml version="1.0" encoding="UTF-8"?>
<!-- Generated by org.testng.reporters.JUnitReportReporter -->
<testsuite hostname="Srinidhi" failures="0" tests="2" name="qaclickacademy.Mavenjava.SeleniumTest" time="0.009" errors="0" timestamp="18 May 2021 07:03:09 GMT" skipped="0">
  <testcase classname="qaclickacademy.Mavenjava.SeleniumTest" name="elementsUI" time="0.006"/>
  <testcase classname="qaclickacademy.Mavenjava.SeleniumTest" name="BrowserAutomation" time="0.003"/>
</testsuite> <!-- qaclickacademy.Mavenjava.SeleniumTest -->
