<?xml version="1.0" encoding="UTF-8"?>
<!-- Generated by org.testng.reporters.JUnitReportReporter -->
<testsuite hostname="Srinidhi" failures="0" tests="1" name="qaclickacademy.Mavenjava.AppTest" time="0.022" errors="0" timestamp="18 May 2021 07:03:09 GMT" skipped="0">
  <testcase classname="qaclickacademy.Mavenjava.AppTest" name="shouldAnswerWithTrue" time="0.022"/>
</testsuite> <!-- qaclickacademy.Mavenjava.AppTest -->
